Determining if the pthread_create exist failed with the following output:
Change Dir: /home/liuzihua/桌面/zihua/ComputerVision/vision_slam/using_ceres/build/CMakeFiles/CMakeTmp

Run Build Command:"/usr/bin/make" "cmTC_40356/fast"
/usr/bin/make -f CMakeFiles/cmTC_40356.dir/build.make CMakeFiles/cmTC_40356.dir/build
make[1]: 进入目录“/home/liuzihua/桌面/zihua/ComputerVision/vision_slam/using_ceres/build/CMakeFiles/CMakeTmp”
Building C object CMakeFiles/cmTC_40356.dir/CheckSymbolExists.c.o
/usr/bin/gcc-7    -o CMakeFiles/cmTC_40356.dir/CheckSymbolExists.c.o   -c /home/liuzihua/桌面/zihua/ComputerVision/vision_slam/using_ceres/build/CMakeFiles/CMakeTmp/CheckSymbolExists.c
Linking C executable cmTC_40356
/usr/bin/cmake -E cmake_link_script CMakeFiles/cmTC_40356.dir/link.txt --verbose=1
/usr/bin/gcc-7      -rdynamic CMakeFiles/cmTC_40356.dir/CheckSymbolExists.c.o  -o cmTC_40356 
CMakeFiles/cmTC_40356.dir/CheckSymbolExists.c.o：在函数‘main’中：
CheckSymbolExists.c:(.text+0x1b)：对‘pthread_create’未定义的引用
collect2: error: ld returned 1 exit status
CMakeFiles/cmTC_40356.dir/build.make:97: recipe for target 'cmTC_40356' failed
make[1]: *** [cmTC_40356] Error 1
make[1]: 离开目录“/home/liuzihua/桌面/zihua/ComputerVision/vision_slam/using_ceres/build/CMakeFiles/CMakeTmp”
Makefile:126: recipe for target 'cmTC_40356/fast' failed
make: *** [cmTC_40356/fast] Error 2

File /home/liuzihua/桌面/zihua/ComputerVision/vision_slam/using_ceres/build/CMakeFiles/CMakeTmp/CheckSymbolExists.c:
/* */
#include <pthread.h>

int main(int argc, char** argv)
{
  (void)argv;
#ifndef pthread_create
  return ((int*)(&pthread_create))[argc];
#else
  (void)argc;
  return 0;
#endif
}

Determining if the function pthread_create exists in the pthreads failed with the following output:
Change Dir: /home/liuzihua/桌面/zihua/ComputerVision/vision_slam/using_ceres/build/CMakeFiles/CMakeTmp

Run Build Command:"/usr/bin/make" "cmTC_36c3f/fast"
/usr/bin/make -f CMakeFiles/cmTC_36c3f.dir/build.make CMakeFiles/cmTC_36c3f.dir/build
make[1]: 进入目录“/home/liuzihua/桌面/zihua/ComputerVision/vision_slam/using_ceres/build/CMakeFiles/CMakeTmp”
Building C object CMakeFiles/cmTC_36c3f.dir/CheckFunctionExists.c.o
/usr/bin/gcc-7   -DCHECK_FUNCTION_EXISTS=pthread_create   -o CMakeFiles/cmTC_36c3f.dir/CheckFunctionExists.c.o   -c /usr/share/cmake-3.10/Modules/CheckFunctionExists.c
Linking C executable cmTC_36c3f
/usr/bin/cmake -E cmake_link_script CMakeFiles/cmTC_36c3f.dir/link.txt --verbose=1
/usr/bin/gcc-7  -DCHECK_FUNCTION_EXISTS=pthread_create    -rdynamic CMakeFiles/cmTC_36c3f.dir/CheckFunctionExists.c.o  -o cmTC_36c3f -lpthreads 
/usr/bin/ld: 找不到 -lpthreads
collect2: error: ld returned 1 exit status
CMakeFiles/cmTC_36c3f.dir/build.make:97: recipe for target 'cmTC_36c3f' failed
make[1]: *** [cmTC_36c3f] Error 1
make[1]: 离开目录“/home/liuzihua/桌面/zihua/ComputerVision/vision_slam/using_ceres/build/CMakeFiles/CMakeTmp”
Makefile:126: recipe for target 'cmTC_36c3f/fast' failed
make: *** [cmTC_36c3f/fast] Error 2


